01:42:09: Peer 1006 makes a connection to Peer 1006.
01:42:09: Peer 1006 makes a connection to Peer 1006.
01:42:09: Peer 1006 makes a connection to Peer 1006.
01:42:09: Peer 1006 makes a connection to Peer 1006.
01:42:09: Peer 1006 makes a connection to Peer 1006.
01:42:09: Peer 1006 is connected from Peer 1001.
01:42:09: Peer 1006 is connected from Peer 1002.
01:42:09: Peer 1006 is connected from Peer 1003.
01:42:09: Peer 1006 is connected from Peer 1004.
01:42:09: Peer 1006 is connected from Peer 1005.
01:42:10: Peer 1006 is unchoked by 1003
01:42:10: Peer 1006 received the 'not interested' message from 1002
01:42:10: Peer 1006 received the 'have' message from 1004 for the piece 89.
01:42:10: Peer 1006 received the 'have' message from 1005 for the piece 45.
01:42:11: Peer 1006 received the 'have' message from 1003 for the piece 36.
01:42:11: Peer 1006 received the 'interested' message from 1004
01:42:11: Peer 1006 received the 'have' message from 1005 for the piece 25.
01:42:11: Peer 1006 received the 'not interested' message from 1001
01:42:11: Peer 1006 received the 'interested' message from 1003
01:42:11: Peer 1006 is unchoked by 1005
01:42:12: Peer 1006 received the 'have' message from 1004 for the piece 24.
01:42:12: Peer 1006 received the 'interested' message from 1005
01:42:13: Peer 1006 received the 'have' message from 1003 for the piece 11.
01:42:14: Peer 1006 received the 'have' message from 1003 for the piece 20.
01:42:14: Peer 1006 received the 'have' message from 1004 for the piece 34.
01:42:14: Peer 1006 received the 'have' message from 1005 for the piece 23.
01:42:14: Peer 1006 has the preferred neighbors 1002,1004,1005.
01:42:16: Peer 1006 received the 'have' message from 1003 for the piece 21.
01:42:16: Peer 1006 received the 'have' message from 1004 for the piece 41.
01:42:16: Peer 1006 received the 'have' message from 1005 for the piece 111.
01:42:17: Peer 1006 received the 'have' message from 1003 for the piece 35.
01:42:17: Peer 1006 received the 'have' message from 1004 for the piece 117.
01:42:17: Peer 1006 received the 'have' message from 1005 for the piece 99.
01:42:17: Peer 1006 is unchoked by 1001
01:42:17: Peer 1006 received the 'have' message from 1003 for the piece 53.
01:42:17: Peer 1006 received the 'have' message from 1004 for the piece 108.
01:42:17: Peer 1006 received the 'have' message from 1005 for the piece 110.
01:42:17: Peer 1006 is unchoked by 1001
01:42:18: Peer 1006 received the 'have' message from 1003 for the piece 102.
01:42:18: Peer 1006 received the 'have' message from 1005 for the piece 83.
01:42:19: Peer 1006 is unchoked by 1002
01:42:19: Peer 1006 is choked by 1003
01:42:19: Peer 1006 received the 'have' message from 1004 for the piece 94.
01:42:20: Peer 1006 is unchoked by 1003
01:42:20: Peer 1006 received the 'have' message from 1004 for the piece 61.
01:42:20: Peer 1006 received the 'have' message from 1005 for the piece 84.
01:42:20: Peer 1006 has the preferred neighbors 1004,1005,1001.
01:42:20: Peer 1006 has the optimistically unchoked neighbor 1004.
01:42:21: Peer 1006 received the 'have' message from 1003 for the piece 48.
01:42:21: Peer 1006 received the 'have' message from 1005 for the piece 107.
01:42:21: Peer 1006 is connected from Peer 1007.
01:42:21: Peer 1006 is choked by 1001
01:42:22: Peer 1006 received the 'have' message from 1003 for the piece 64.
01:42:22: Peer 1006 received the 'have' message from 1004 for the piece 5.
01:42:22: Peer 1006 received the 'have' message from 1005 for the piece 98.
01:42:23: Peer 1006 received the 'have' message from 1003 for the piece 90.
01:42:23: Peer 1006 received the 'have' message from 1004 for the piece 56.
01:42:23: Peer 1006 is choked by 1005
01:42:23: Peer 1006 received the 'interested' message from 1007
01:42:23: Peer 1006 is connected from Peer 1008.
01:42:23: Peer 1006 is choked by 1002
01:42:23: Peer 1006 is choked by 1003
01:42:23: Peer 1006 is unchoked by 1005
01:42:24: Peer 1006 received the 'have' message from 1003 for the piece 121.
01:42:24: Peer 1006 received the 'have' message from 1004 for the piece 15.
01:42:24: Peer 1006 received the 'have' message from 1007 for the piece 1.
01:42:24: Peer 1006 received the 'interested' message from 1008
01:42:25: Peer 1006 received the 'have' message from 1003 for the piece 14.
01:42:25: Peer 1006 received the 'have' message from 1004 for the piece 87.
01:42:25: Peer 1006 received the 'have' message from 1005 for the piece 127.
01:42:25: Peer 1006 has the preferred neighbors 1002,1004,1001.
01:42:25: Peer 1006 is unchoked by 1001
01:42:26: Peer 1006 received the 'have' message from 1003 for the piece 70.
01:42:26: Peer 1006 received the 'have' message from 1004 for the piece 69.
01:42:26: Peer 1006 received the 'have' message from 1005 for the piece 59.
01:42:26: Peer 1006 received the 'have' message from 1007 for the piece 64.
01:42:27: Peer 1006 received the 'have' message from 1003 for the piece 27.
01:42:27: Peer 1006 is unchoked by 1004
01:42:27: Peer 1006 received the 'have' message from 1007 for the piece 52.
01:42:27: Peer 1006 received the 'have' message from 1008 for the piece 39.
01:42:28: Peer 1006 received the 'have' message from 1003 for the piece 93.
01:42:28: Peer 1006 is unchoked by 1004
01:42:28: Peer 1006 received the 'have' message from 1005 for the piece 33.
01:42:28: Peer 1006 received the 'have' message from 1007 for the piece 45.
01:42:28: Peer 1006 received the 'have' message from 1008 for the piece 37.
01:42:29: Peer 1006 is unchoked by 1002
01:42:29: Peer 1006 received the 'have' message from 1003 for the piece 89.
01:42:29: Peer 1006 received the 'have' message from 1004 for the piece 129.
01:42:29: Peer 1006 received the 'have' message from 1005 for the piece 117.
01:42:29: Peer 1006 received the 'have' message from 1007 for the piece 54.
01:42:29: Peer 1006 received the 'have' message from 1008 for the piece 97.
01:42:30: Peer 1006 received the 'have' message from 1003 for the piece 45.
01:42:30: Peer 1006 received the 'have' message from 1005 for the piece 123.
01:42:30: Peer 1006 has the preferred neighbors 1002,1004,1008.
01:42:30: Peer 1006 has the optimistically unchoked neighbor 1008.
01:42:30: Peer 1006 received the 'have' message from 1007 for the piece 34.
01:42:30: Peer 1006 is unchoked by 1001
01:42:31: Peer 1006 received the 'have' message from 1004 for the piece 67.
01:42:31: Peer 1006 is choked by 1005
01:42:31: Peer 1006 received the 'have' message from 1007 for the piece 89.
01:42:31: Peer 1006 received the 'have' message from 1008 for the piece 111.
01:42:32: Peer 1006 received the 'have' message from 1003 for the piece 12.
01:42:32: Peer 1006 received the 'have' message from 1008 for the piece 6.
01:42:32: Peer 1006 is connected from Peer 1009.
01:42:33: Peer 1006 is choked by 1002
01:42:33: Peer 1006 received the 'have' message from 1003 for the piece 82.
01:42:33: Peer 1006 received the 'have' message from 1005 for the piece 73.
01:42:33: Peer 1006 received the 'have' message from 1007 for the piece 14.
01:42:33: Peer 1006 received the 'have' message from 1008 for the piece 7.
01:42:33: Peer 1006 is unchoked by 1002
01:42:34: Peer 1006 received the 'have' message from 1004 for the piece 114.
01:42:34: Peer 1006 received the 'have' message from 1005 for the piece 132.
01:42:34: Peer 1006 received the 'have' message from 1007 for the piece 98.
01:42:34: Peer 1006 is unchoked by 1008
01:42:34: Peer 1006 received the 'interested' message from 1009
01:42:35: Peer 1006 received the 'have' message from 1003 for the piece 84.
01:42:35: Peer 1006 received the 'have' message from 1004 for the piece 51.
01:42:35: Peer 1006 has the preferred neighbors 1003,1005,1008.
01:42:35: Peer 1006 received the 'have' message from 1007 for the piece 31.
01:42:35: Peer 1006 received the 'have' message from 1008 for the piece 15.
01:42:35: Peer 1006 is choked by 1001
01:42:36: Peer 1006 received the 'have' message from 1003 for the piece 130.
01:42:36: Peer 1006 received the 'have' message from 1004 for the piece 126.
01:42:36: Peer 1006 received the 'have' message from 1005 for the piece 88.
01:42:36: Peer 1006 received the 'have' message from 1007 for the piece 71.
01:42:36: Peer 1006 received the 'have' message from 1008 for the piece 72.
01:42:36: Peer 1006 is unchoked by 1001
01:42:36: Peer 1006 received the 'have' message from 1003 for the piece 114.
01:42:36: Peer 1006 is choked by 1004
01:42:36: Peer 1006 received the 'have' message from 1005 for the piece 113.
01:42:36: Peer 1006 received the 'have' message from 1007 for the piece 59.
01:42:36: Peer 1006 received the 'have' message from 1009 for the piece 124.
01:42:37: Peer 1006 received the 'have' message from 1005 for the piece 69.
01:42:37: Peer 1006 is unchoked by 1007
01:42:38: Peer 1006 received the 'have' message from 1009 for the piece 77.
01:42:38: Peer 1006 is choked by 1002
01:42:38: Peer 1006 received the 'have' message from 1003 for the piece 68.
01:42:38: Peer 1006 received the 'have' message from 1004 for the piece 13.
01:42:38: Peer 1006 received the 'have' message from 1007 for the piece 55.
01:42:38: Peer 1006 received the 'have' message from 1009 for the piece 2.
01:42:39: Peer 1006 is unchoked by 1002
01:42:39: Peer 1006 received the 'have' message from 1003 for the piece 58.
01:42:39: Peer 1006 received the 'have' message from 1004 for the piece 14.
01:42:39: Peer 1006 received the 'have' message from 1005 for the piece 116.
01:42:39: Peer 1006 received the 'have' message from 1007 for the piece 26.
01:42:39: Peer 1006 received the 'have' message from 1008 for the piece 107.
01:42:40: Peer 1006 received the 'have' message from 1005 for the piece 95.
01:42:40: Peer 1006 has the preferred neighbors 1002,1004,1007.
01:42:40: Peer 1006 has the optimistically unchoked neighbor 1009.
01:42:40: Peer 1006 received the 'have' message from 1008 for the piece 38.
01:42:40: Peer 1006 received the 'have' message from 1009 for the piece 119.
01:42:41: Peer 1006 received the 'have' message from 1003 for the piece 100.
01:42:41: Peer 1006 received the 'have' message from 1004 for the piece 84.
01:42:41: Peer 1006 received the 'have' message from 1005 for the piece 19.
01:42:41: Peer 1006 received the 'have' message from 1007 for the piece 110.
01:42:41: Peer 1006 is choked by 1008
01:42:41: Peer 1006 received the 'have' message from 1009 for the piece 75.
01:42:41: Peer 1006 is choked by 1001
01:42:41: Peer 1006 received the 'have' message from 1003 for the piece 25.
01:42:41: Peer 1006 received the 'have' message from 1005 for the piece 129.
01:42:41: Peer 1006 received the 'have' message from 1007 for the piece 7.
01:42:41: Peer 1006 is unchoked by 1008
01:42:41: Peer 1006 received the 'have' message from 1009 for the piece 8.
01:42:42: Peer 1006 received the 'have' message from 1003 for the piece 126.
01:42:42: Peer 1006 received the 'have' message from 1004 for the piece 54.
01:42:42: Peer 1006 received the 'have' message from 1005 for the piece 118.
01:42:42: Peer 1006 received the 'have' message from 1007 for the piece 109.
01:42:42: Peer 1006 received the 'have' message from 1008 for the piece 125.
01:42:42: Peer 1006 is unchoked by 1009
01:42:43: Peer 1006 is unchoked by 1003
01:42:43: Peer 1006 received the 'have' message from 1005 for the piece 61.
01:42:43: Peer 1006 is choked by 1007
01:42:43: Peer 1006 received the 'have' message from 1008 for the piece 24.
01:42:43: Peer 1006 received the 'have' message from 1009 for the piece 83.
01:42:44: Peer 1006 is unchoked by 1002
01:42:44: Peer 1006 is unchoked by 1003
01:42:44: Peer 1006 received the 'have' message from 1004 for the piece 59.
01:42:44: Peer 1006 received the 'have' message from 1007 for the piece 101.
01:42:44: Peer 1006 received the 'have' message from 1008 for the piece 57.
01:42:44: Peer 1006 received the 'have' message from 1009 for the piece 33.
01:42:45: Peer 1006 received the 'have' message from 1004 for the piece 28.
01:42:45: Peer 1006 received the 'have' message from 1005 for the piece 31.
01:42:45: Peer 1006 has the preferred neighbors 1009,1003,1001.
01:42:45: Peer 1006 received the 'have' message from 1007 for the piece 77.
01:42:46: Peer 1006 received the 'have' message from 1003 for the piece 96.
01:42:46: Peer 1006 received the 'have' message from 1004 for the piece 37.
01:42:46: Peer 1006 received the 'have' message from 1007 for the piece 92.
01:42:46: Peer 1006 received the 'have' message from 1008 for the piece 120.
01:42:46: Peer 1006 received the 'have' message from 1009 for the piece 113.
01:42:47: Peer 1006 received the 'have' message from 1003 for the piece 116.
01:42:47: Peer 1006 received the 'have' message from 1004 for the piece 101.
01:42:47: Peer 1006 received the 'have' message from 1005 for the piece 32.
01:42:47: Peer 1006 received the 'have' message from 1007 for the piece 23.
01:42:47: Peer 1006 received the 'have' message from 1009 for the piece 114.
01:42:48: Peer 1006 received the 'have' message from 1003 for the piece 54.
01:42:48: Peer 1006 received the 'have' message from 1004 for the piece 71.
01:42:48: Peer 1006 received the 'have' message from 1007 for the piece 119.
01:42:48: Peer 1006 received the 'have' message from 1008 for the piece 100.
01:42:48: Peer 1006 is choked by 1002
01:42:48: Peer 1006 received the 'have' message from 1003 for the piece 72.
01:42:48: Peer 1006 received the 'have' message from 1004 for the piece 7.
01:42:48: Peer 1006 received the 'have' message from 1005 for the piece 24.
01:42:48: Peer 1006 received the 'have' message from 1008 for the piece 29.
01:42:48: Peer 1006 received the 'have' message from 1009 for the piece 45.
01:42:49: Peer 1006 is unchoked by 1002
01:42:49: Peer 1006 received the 'have' message from 1003 for the piece 8.
01:42:49: Peer 1006 received the 'have' message from 1004 for the piece 27.
01:42:49: Peer 1006 received the 'have' message from 1005 for the piece 121.
01:42:49: Peer 1006 is unchoked by 1007
01:42:49: Peer 1006 received the 'have' message from 1009 for the piece 34.
01:42:50: Peer 1006 is choked by 1003
01:42:50: Peer 1006 is unchoked by 1004
01:42:50: Peer 1006 received the 'have' message from 1005 for the piece 75.
01:42:50: Peer 1006 has the preferred neighbors 1009,1007,1008.
01:42:50: Peer 1006 has the optimistically unchoked neighbor 1003.
01:42:50: Peer 1006 received the 'have' message from 1007 for the piece 94.
01:42:50: Peer 1006 received the 'have' message from 1008 for the piece 110.
01:42:50: Peer 1006 is choked by 1009
01:42:51: Peer 1006 received the 'have' message from 1007 for the piece 86.
01:42:51: Peer 1006 received the 'have' message from 1008 for the piece 105.
01:42:51: Peer 1006 is unchoked by 1009
01:42:52: Peer 1006 received the 'have' message from 1003 for the piece 56.
01:42:52: Peer 1006 received the 'have' message from 1004 for the piece 82.
01:42:52: Peer 1006 received the 'have' message from 1005 for the piece 18.
01:42:52: Peer 1006 received the 'have' message from 1007 for the piece 9.
01:42:52: Peer 1006 received the 'have' message from 1008 for the piece 64.
01:42:52: Peer 1006 received the 'have' message from 1009 for the piece 38.
01:42:53: Peer 1006 received the 'have' message from 1004 for the piece 32.
01:42:53: Peer 1006 received the 'have' message from 1005 for the piece 29.
01:42:53: Peer 1006 is choked by 1007
01:42:53: Peer 1006 received the 'have' message from 1008 for the piece 73.
01:42:53: Peer 1006 received the 'have' message from 1009 for the piece 55.
01:42:54: Peer 1006 received the 'have' message from 1003 for the piece 30.
01:42:54: Peer 1006 received the 'have' message from 1005 for the piece 2.
01:42:54: Peer 1006 received the 'have' message from 1007 for the piece 85.
01:42:54: Peer 1006 received the 'have' message from 1008 for the piece 130.
01:42:54: Peer 1006 received the 'have' message from 1009 for the piece 132.
01:42:55: Peer 1006 is unchoked by 1003
01:42:55: Peer 1006 received the 'have' message from 1004 for the piece 115.
01:42:55: Peer 1006 is unchoked by 1005
01:42:55: Peer 1006 has the preferred neighbors 1009,1003,1001.
01:42:55: Peer 1006 received the 'have' message from 1007 for the piece 91.
01:42:56: Peer 1006 is unchoked by 1003
01:42:56: Peer 1006 received the 'have' message from 1005 for the piece 34.
01:42:56: Peer 1006 received the 'have' message from 1008 for the piece 81.
01:42:56: Peer 1006 is unchoked by 1001
01:42:57: Peer 1006 received the 'have' message from 1003 for the piece 118.
01:42:57: Peer 1006 received the 'have' message from 1004 for the piece 113.
01:42:57: Peer 1006 received the 'have' message from 1007 for the piece 83.
01:42:57: Peer 1006 received the 'have' message from 1008 for the piece 2.
01:42:57: Peer 1006 received the 'have' message from 1009 for the piece 60.
01:42:58: Peer 1006 received the 'have' message from 1004 for the piece 70.
01:42:58: Peer 1006 received the 'have' message from 1005 for the piece 42.
01:42:58: Peer 1006 received the 'have' message from 1007 for the piece 49.
01:42:58: Peer 1006 received the 'have' message from 1008 for the piece 23.
01:42:59: Peer 1006 is choked by 1004
01:42:59: Peer 1006 is choked by 1005
01:42:59: Peer 1006 received the 'have' message from 1009 for the piece 48.
01:42:59: Peer 1006 is unchoked by 1002
01:42:59: Peer 1006 received the 'have' message from 1003 for the piece 117.
01:42:59: Peer 1006 received the 'have' message from 1004 for the piece 45.
01:42:59: Peer 1006 is unchoked by 1005
01:42:59: Peer 1006 received the 'have' message from 1007 for the piece 95.
01:42:59: Peer 1006 received the 'have' message from 1008 for the piece 85.
01:42:59: Peer 1006 is choked by 1009
01:43:00: Peer 1006 is unchoked by 1002
01:43:00: Peer 1006 received the 'have' message from 1003 for the piece 38.
01:43:00: Peer 1006 received the 'have' message from 1004 for the piece 81.
01:43:00: Peer 1006 received the 'have' message from 1005 for the piece 15.
01:43:00: Peer 1006 has the preferred neighbors 1009,1007,1008.
01:43:00: Peer 1006 has the optimistically unchoked neighbor 1007.
01:43:00: Peer 1006 received the 'have' message from 1007 for the piece 99.
01:43:00: Peer 1006 received the 'have' message from 1008 for the piece 56.
01:43:00: Peer 1006 is unchoked by 1009
01:43:01: Peer 1006 received the 'have' message from 1003 for the piece 103.
01:43:01: Peer 1006 received the 'have' message from 1004 for the piece 22.
01:43:01: Peer 1006 received the 'have' message from 1005 for the piece 78.
01:43:01: Peer 1006 received the 'have' message from 1007 for the piece 57.
01:43:01: Peer 1006 received the 'have' message from 1008 for the piece 68.
01:43:01: Peer 1006 received the 'have' message from 1009 for the piece 18.
01:43:02: Peer 1006 is unchoked by 1004
01:43:02: Peer 1006 received the 'have' message from 1005 for the piece 72.
01:43:02: Peer 1006 received the 'have' message from 1007 for the piece 78.
01:43:02: Peer 1006 received the 'have' message from 1009 for the piece 69.
01:43:03: Peer 1006 received the 'have' message from 1003 for the piece 17.
01:43:03: Peer 1006 is unchoked by 1004
01:43:03: Peer 1006 received the 'have' message from 1007 for the piece 74.
01:43:03: Peer 1006 received the 'have' message from 1008 for the piece 1.
01:43:03: Peer 1006 is choked by 1002
01:43:03: Peer 1006 received the 'have' message from 1003 for the piece 107.
01:43:03: Peer 1006 received the 'have' message from 1004 for the piece 107.
01:43:03: Peer 1006 received the 'have' message from 1005 for the piece 20.
01:43:03: Peer 1006 received the 'have' message from 1009 for the piece 126.
01:43:04: Peer 1006 is choked by 1003
01:43:04: Peer 1006 received the 'have' message from 1004 for the piece 122.
01:43:04: Peer 1006 received the 'have' message from 1005 for the piece 77.
01:43:04: Peer 1006 received the 'have' message from 1007 for the piece 90.
01:43:04: Peer 1006 received the 'have' message from 1008 for the piece 34.
01:43:04: Peer 1006 is choked by 1009
01:43:05: Peer 1006 is unchoked by 1003
01:43:05: Peer 1006 is choked by 1004
01:43:05: Peer 1006 received the 'have' message from 1005 for the piece 6.
01:43:05: Peer 1006 has the preferred neighbors 1007,1001,1008.
01:43:05: Peer 1006 received the 'have' message from 1007 for the piece 6.
01:43:05: Peer 1006 received the 'have' message from 1008 for the piece 121.
01:43:05: Peer 1006 received the 'have' message from 1009 for the piece 35.
01:43:06: Peer 1006 received the 'have' message from 1007 for the piece 97.
01:43:06: Peer 1006 received the 'have' message from 1008 for the piece 26.
01:43:06: Peer 1006 received the 'have' message from 1009 for the piece 49.
01:43:07: Peer 1006 received the 'have' message from 1003 for the piece 50.
01:43:07: Peer 1006 received the 'have' message from 1004 for the piece 46.
01:43:07: Peer 1006 received the 'have' message from 1005 for the piece 12.
01:43:07: Peer 1006 received the 'have' message from 1007 for the piece 120.
01:43:08: Peer 1006 is unchoked by 1002
01:43:08: Peer 1006 received the 'have' message from 1004 for the piece 131.
01:43:08: Peer 1006 received the 'have' message from 1005 for the piece 27.
01:43:08: Peer 1006 received the 'have' message from 1008 for the piece 8.
01:43:09: Peer 1006 received the 'have' message from 1003 for the piece 4.
01:43:09: Peer 1006 received the 'have' message from 1004 for the piece 120.
01:43:09: Peer 1006 received the 'have' message from 1005 for the piece 16.
01:43:09: Peer 1006 received the 'have' message from 1007 for the piece 102.
01:43:09: Peer 1006 received the 'have' message from 1008 for the piece 99.
01:43:09: Peer 1006 received the 'have' message from 1009 for the piece 112.
01:43:10: Peer 1006 received the 'have' message from 1004 for the piece 25.
01:43:10: Peer 1006 is choked by 1005
01:43:10: Peer 1006 has the preferred neighbors 1002,1009,1007.
01:43:10: Peer 1006 has the optimistically unchoked neighbor 1001.
01:43:10: Peer 1006 received the 'have' message from 1007 for the piece 113.
01:43:10: Peer 1006 is unchoked by 1008
01:43:10: Peer 1006 received the 'have' message from 1009 for the piece 92.
01:43:11: Peer 1006 is unchoked by 1001
01:43:11: Peer 1006 received the 'have' message from 1003 for the piece 108.
01:43:11: Peer 1006 received the 'have' message from 1007 for the piece 50.
01:43:12: Peer 1006 received the 'have' message from 1003 for the piece 60.
01:43:12: Peer 1006 received the 'have' message from 1004 for the piece 118.
01:43:12: Peer 1006 received the 'have' message from 1005 for the piece 96.
01:43:12: Peer 1006 received the 'have' message from 1008 for the piece 43.
01:43:12: Peer 1006 received the 'have' message from 1009 for the piece 36.
01:43:13: Peer 1006 received the 'have' message from 1003 for the piece 0.
01:43:13: Peer 1006 is unchoked by 1004
01:43:13: Peer 1006 received the 'have' message from 1005 for the piece 28.
01:43:13: Peer 1006 is unchoked by 1007
01:43:13: Peer 1006 received the 'have' message from 1008 for the piece 31.
01:43:13: Peer 1006 received the 'have' message from 1009 for the piece 72.
01:43:14: Peer 1006 is choked by 1002
01:43:14: Peer 1006 is choked by 1003
01:43:14: Peer 1006 received the 'have' message from 1004 for the piece 100.
01:43:14: Peer 1006 received the 'have' message from 1005 for the piece 37.
01:43:14: Peer 1006 received the 'have' message from 1008 for the piece 90.
01:43:14: Peer 1006 received the 'have' message from 1009 for the piece 40.
01:43:14: Peer 1006 is unchoked by 1002
01:43:14: Peer 1006 received the 'have' message from 1004 for the piece 124.
01:43:14: Peer 1006 received the 'have' message from 1005 for the piece 36.
01:43:14: Peer 1006 received the 'have' message from 1007 for the piece 112.
01:43:14: Peer 1006 received the 'have' message from 1009 for the piece 47.
01:43:15: Peer 1006 received the 'have' message from 1003 for the piece 113.
01:43:15: Peer 1006 received the 'have' message from 1004 for the piece 90.
01:43:15: Peer 1006 has the preferred neighbors 1002,1007,1008.
01:43:15: Peer 1006 received the 'have' message from 1007 for the piece 114.
01:43:15: Peer 1006 received the 'have' message from 1008 for the piece 17.
01:43:16: Peer 1006 received the 'have' message from 1003 for the piece 127.
01:43:16: Peer 1006 received the 'have' message from 1004 for the piece 58.
01:43:16: Peer 1006 received the 'have' message from 1005 for the piece 71.
01:43:16: Peer 1006 received the 'have' message from 1009 for the piece 54.
01:43:16: Peer 1006 is choked by 1001
01:43:17: Peer 1006 received the 'have' message from 1004 for the piece 4.
01:43:17: Peer 1006 received the 'have' message from 1005 for the piece 41.
01:43:17: Peer 1006 received the 'have' message from 1007 for the piece 79.
01:43:17: Peer 1006 received the 'have' message from 1008 for the piece 53.
01:43:18: Peer 1006 received the 'have' message from 1003 for the piece 110.
01:43:18: Peer 1006 received the 'have' message from 1005 for the piece 9.
01:43:18: Peer 1006 received the 'have' message from 1007 for the piece 46.
01:43:18: Peer 1006 is choked by 1008
01:43:18: Peer 1006 received the 'have' message from 1009 for the piece 89.
01:43:18: Peer 1006 is choked by 1002
01:43:18: Peer 1006 received the 'have' message from 1004 for the piece 21.
01:43:18: Peer 1006 is unchoked by 1008
01:43:18: Peer 1006 received the 'have' message from 1009 for the piece 43.
01:43:19: Peer 1006 is unchoked by 1002
01:43:19: Peer 1006 received the 'have' message from 1003 for the piece 74.
01:43:19: Peer 1006 received the 'have' message from 1004 for the piece 29.
01:43:19: Peer 1006 received the 'have' message from 1005 for the piece 120.
01:43:19: Peer 1006 received the 'have' message from 1007 for the piece 24.
01:43:19: Peer 1006 received the 'have' message from 1009 for the piece 95.
01:43:20: Peer 1006 received the 'have' message from 1003 for the piece 49.
01:43:20: Peer 1006 received the 'have' message from 1004 for the piece 16.
01:43:20: Peer 1006 received the 'have' message from 1005 for the piece 64.
01:43:20: Peer 1006 has the preferred neighbors 1003,1009,1007.
01:43:20: Peer 1006 has the optimistically unchoked neighbor 1005.
01:43:20: Peer 1006 received the 'have' message from 1007 for the piece 84.
01:43:20: Peer 1006 received the 'have' message from 1008 for the piece 62.
01:43:21: Peer 1006 is unchoked by 1003
01:43:21: Peer 1006 received the 'have' message from 1005 for the piece 81.
01:43:21: Peer 1006 received the 'have' message from 1007 for the piece 111.
01:43:21: Peer 1006 received the 'have' message from 1008 for the piece 102.
01:43:21: Peer 1006 received the 'have' message from 1009 for the piece 107.
01:43:22: Peer 1006 received the 'have' message from 1004 for the piece 20.
01:43:22: Peer 1006 is unchoked by 1005
01:43:22: Peer 1006 received the 'have' message from 1007 for the piece 96.
01:43:22: Peer 1006 received the 'have' message from 1008 for the piece 89.
01:43:22: Peer 1006 is unchoked by 1009
01:43:23: Peer 1006 received the 'have' message from 1003 for the piece 63.
01:43:23: Peer 1006 received the 'have' message from 1004 for the piece 19.
01:43:23: Peer 1006 received the 'have' message from 1005 for the piece 7.
01:43:23: Peer 1006 is unchoked by 1007
01:43:23: Peer 1006 received the 'have' message from 1009 for the piece 87.
01:43:23: Peer 1006 is choked by 1002
01:43:23: Peer 1006 received the 'have' message from 1003 for the piece 52.
01:43:23: Peer 1006 received the 'have' message from 1004 for the piece 109.
01:43:23: Peer 1006 is choked by 1005
01:43:23: Peer 1006 received the 'have' message from 1008 for the piece 75.
01:43:24: Peer 1006 is unchoked by 1002
01:43:24: Peer 1006 received the 'have' message from 1003 for the piece 26.
01:43:24: Peer 1006 received the 'have' message from 1004 for the piece 125.
01:43:24: Peer 1006 is unchoked by 1005
01:43:24: Peer 1006 received the 'have' message from 1007 for the piece 68.
01:43:24: Peer 1006 received the 'have' message from 1008 for the piece 113.
01:43:24: Peer 1006 received the 'have' message from 1009 for the piece 32.
01:43:25: Peer 1006 received the 'have' message from 1003 for the piece 22.
01:43:25: Peer 1006 received the 'have' message from 1004 for the piece 57.
01:43:25: Peer 1006 received the 'have' message from 1005 for the piece 103.
01:43:25: Peer 1006 has the preferred neighbors 1004,1003,1008.
01:43:25: Peer 1006 received the 'have' message from 1007 for the piece 121.
01:43:25: Peer 1006 is choked by 1009
01:43:25: Peer 1006 is unchoked by 1001
01:43:26: Peer 1006 received the 'have' message from 1004 for the piece 79.
01:43:26: Peer 1006 received the 'have' message from 1007 for the piece 5.
01:43:26: Peer 1006 received the 'have' message from 1008 for the piece 116.
01:43:26: Peer 1006 received the 'have' message from 1009 for the piece 3.
01:43:27: Peer 1006 received the 'have' message from 1003 for the piece 123.
01:43:27: Peer 1006 received the 'have' message from 1005 for the piece 50.
01:43:27: Peer 1006 is choked by 1008
01:43:27: Peer 1006 received the 'have' message from 1009 for the piece 84.
01:43:28: Peer 1006 received the 'have' message from 1003 for the piece 13.
01:43:28: Peer 1006 received the 'have' message from 1004 for the piece 91.
01:43:28: Peer 1006 received the 'have' message from 1005 for the piece 100.
01:43:28: Peer 1006 received the 'have' message from 1007 for the piece 129.
01:43:28: Peer 1006 is unchoked by 1008
01:43:29: Peer 1006 is choked by 1002
01:43:29: Peer 1006 is choked by 1003
01:43:29: Peer 1006 received the 'have' message from 1004 for the piece 30.
01:43:29: Peer 1006 received the 'have' message from 1005 for the piece 65.
01:43:29: Peer 1006 is choked by 1007
01:43:29: Peer 1006 received the 'have' message from 1008 for the piece 18.
01:43:29: Peer 1006 received the 'have' message from 1009 for the piece 10.
01:43:29: Peer 1006 is unchoked by 1002
01:43:29: Peer 1006 received the 'have' message from 1003 for the piece 40.
01:43:29: Peer 1006 received the 'have' message from 1004 for the piece 63.
01:43:29: Peer 1006 received the 'have' message from 1008 for the piece 4.
01:43:29: Peer 1006 received the 'have' message from 1009 for the piece 100.
01:43:30: Peer 1006 received the 'have' message from 1003 for the piece 29.
01:43:30: Peer 1006 received the 'have' message from 1005 for the piece 80.
01:43:30: Peer 1006 has the preferred neighbors 1004,1009,1001.
01:43:30: Peer 1006 has the optimistically unchoked neighbor 1001.
01:43:30: Peer 1006 received the 'have' message from 1009 for the piece 105.
01:43:31: Peer 1006 received the 'have' message from 1003 for the piece 32.
01:43:31: Peer 1006 received the 'have' message from 1004 for the piece 43.
01:43:31: Peer 1006 is choked by 1005
01:43:31: Peer 1006 received the 'have' message from 1007 for the piece 125.
01:43:31: Peer 1006 received the 'have' message from 1008 for the piece 101.
01:43:31: Peer 1006 received the 'have' message from 1009 for the piece 109.
01:43:31: Peer 1006 is choked by 1001
01:43:32: Peer 1006 is unchoked by 1003
01:43:32: Peer 1006 received the 'have' message from 1004 for the piece 18.
01:43:32: Peer 1006 received the 'have' message from 1005 for the piece 40.
01:43:32: Peer 1006 received the 'have' message from 1007 for the piece 11.
01:43:32: Peer 1006 is choked by 1008
01:43:32: Peer 1006 received the 'have' message from 1009 for the piece 52.
01:43:33: Peer 1006 received the 'have' message from 1004 for the piece 119.
01:43:33: Peer 1006 received the 'have' message from 1005 for the piece 1.
01:43:33: Peer 1006 received the 'have' message from 1007 for the piece 80.
01:43:33: Peer 1006 is choked by 1008
01:43:33: Peer 1006 received the 'have' message from 1009 for the piece 127.
01:43:34: Peer 1006 received the 'have' message from 1003 for the piece 128.
01:43:34: Peer 1006 received the 'have' message from 1004 for the piece 102.
01:43:34: Peer 1006 is unchoked by 1009
01:43:34: Peer 1006 is choked by 1002
01:43:34: Peer 1006 received the 'have' message from 1003 for the piece 79.
01:43:34: Peer 1006 received the 'have' message from 1005 for the piece 57.
01:43:34: Peer 1006 received the 'have' message from 1007 for the piece 51.
01:43:34: Peer 1006 received the 'have' message from 1008 for the piece 41.
01:43:34: Peer 1006 received the 'have' message from 1009 for the piece 90.
01:43:35: Peer 1006 is unchoked by 1005
01:43:35: Peer 1006 has the preferred neighbors 1002,1007,1001.
01:43:35: Peer 1006 received the 'have' message from 1007 for the piece 32.
01:43:35: Peer 1006 received the 'have' message from 1009 for the piece 31.
01:43:35: Peer 1006 is unchoked by 1001
01:43:36: Peer 1006 received the 'have' message from 1003 for the piece 129.
01:43:36: Peer 1006 received the 'have' message from 1004 for the piece 73.
01:43:36: Peer 1006 received the 'have' message from 1007 for the piece 124.
01:43:37: Peer 1006 received the 'have' message from 1003 for the piece 97.
01:43:37: Peer 1006 received the 'have' message from 1004 for the piece 48.
01:43:37: Peer 1006 received the 'have' message from 1005 for the piece 53.
01:43:37: Peer 1006 received the 'have' message from 1008 for the piece 82.
01:43:37: Peer 1006 received the 'have' message from 1009 for the piece 122.
01:43:38: Peer 1006 is unchoked by 1003
01:43:38: Peer 1006 received the 'have' message from 1005 for the piece 90.
01:43:38: Peer 1006 received the 'have' message from 1007 for the piece 18.
01:43:38: Peer 1006 is unchoked by 1008
01:43:38: Peer 1006 received the 'have' message from 1009 for the piece 30.
01:43:38: Peer 1006 is unchoked by 1002
01:43:38: Peer 1006 received the 'have' message from 1004 for the piece 88.
01:43:38: Peer 1006 received the 'have' message from 1005 for the piece 0.
01:43:38: Peer 1006 received the 'have' message from 1007 for the piece 105.
01:43:38: Peer 1006 received the 'have' message from 1008 for the piece 3.
01:43:39: Peer 1006 received the 'have' message from 1004 for the piece 85.
01:43:39: Peer 1006 received the 'have' message from 1005 for the piece 130.
01:43:39: Peer 1006 received the 'have' message from 1007 for the piece 22.
01:43:39: Peer 1006 received the 'have' message from 1008 for the piece 65.
01:43:39: Peer 1006 received the 'have' message from 1009 for the piece 16.
01:43:40: Peer 1006 received the 'have' message from 1003 for the piece 23.
01:43:40: Peer 1006 is choked by 1005
01:43:40: Peer 1006 has the preferred neighbors 1002,1004,1009.
01:43:40: Peer 1006 has the optimistically unchoked neighbor 1005.
01:43:40: Peer 1006 is choked by 1009
01:43:41: Peer 1006 received the 'have' message from 1003 for the piece 28.
01:43:41: Peer 1006 received the 'have' message from 1004 for the piece 62.
01:43:41: Peer 1006 is unchoked by 1005
01:43:41: Peer 1006 received the 'have' message from 1007 for the piece 126.
01:43:41: Peer 1006 received the 'have' message from 1008 for the piece 9.
01:43:41: Peer 1006 is unchoked by 1009
01:43:42: Peer 1006 received the 'have' message from 1003 for the piece 57.
01:43:42: Peer 1006 received the 'have' message from 1004 for the piece 112.
01:43:42: Peer 1006 is unchoked by 1007
01:43:42: Peer 1006 is choked by 1008
01:43:42: Peer 1006 received the 'have' message from 1009 for the piece 17.
01:43:43: Peer 1006 is choked by 1002
01:43:43: Peer 1006 is choked by 1003
01:43:43: Peer 1006 received the 'have' message from 1005 for the piece 92.
01:43:43: Peer 1006 received the 'have' message from 1007 for the piece 42.
01:43:43: Peer 1006 received the 'have' message from 1008 for the piece 98.
01:43:43: Peer 1006 received the 'have' message from 1009 for the piece 130.
01:43:44: Peer 1006 is unchoked by 1002
01:43:44: Peer 1006 received the 'have' message from 1003 for the piece 62.
01:43:44: Peer 1006 received the 'have' message from 1004 for the piece 86.
01:43:44: Peer 1006 received the 'have' message from 1005 for the piece 106.
01:43:44: Peer 1006 received the 'have' message from 1007 for the piece 73.
01:43:45: Peer 1006 received the 'have' message from 1003 for the piece 3.
01:43:45: Peer 1006 received the 'have' message from 1004 for the piece 96.
01:43:45: Peer 1006 received the 'have' message from 1005 for the piece 26.
01:43:45: Peer 1006 has the preferred neighbors 1003,1009,1008.
01:43:45: Peer 1006 received the 'have' message from 1007 for the piece 130.
01:43:45: Peer 1006 received the 'have' message from 1008 for the piece 51.
01:43:46: Peer 1006 received the 'have' message from 1005 for the piece 62.
01:43:46: Peer 1006 received the 'have' message from 1007 for the piece 116.
01:43:46: Peer 1006 received the 'have' message from 1009 for the piece 63.
01:43:46: Peer 1006 is unchoked by 1001
01:43:47: Peer 1006 received the 'have' message from 1003 for the piece 71.
01:43:47: Peer 1006 received the 'have' message from 1004 for the piece 121.
01:43:47: Peer 1006 is choked by 1007
01:43:47: Peer 1006 received the 'have' message from 1008 for the piece 36.
01:43:47: Peer 1006 received the 'have' message from 1009 for the piece 120.
01:43:48: Peer 1006 is unchoked by 1003
01:43:48: Peer 1006 received the 'have' message from 1004 for the piece 53.
01:43:48: Peer 1006 received the 'have' message from 1005 for the piece 44.
01:43:48: Peer 1006 received the 'have' message from 1007 for the piece 88.
01:43:48: Peer 1006 received the 'have' message from 1008 for the piece 67.
01:43:48: Peer 1006 is choked by 1009
01:43:49: Peer 1006 is choked by 1002
01:43:49: Peer 1006 received the 'have' message from 1005 for the piece 49.
01:43:49: Peer 1006 received the 'have' message from 1007 for the piece 4.
01:43:49: Peer 1006 received the 'have' message from 1008 for the piece 74.
01:43:49: Peer 1006 received the 'have' message from 1009 for the piece 94.
01:43:50: Peer 1006 received the 'have' message from 1003 for the piece 43.
01:43:50: Peer 1006 received the 'have' message from 1004 for the piece 0.
01:43:50: Peer 1006 is choked by 1005
01:43:50: Peer 1006 has the preferred neighbors 1004,1005,1001.
01:43:50: Peer 1006 has the optimistically unchoked neighbor 1007.
01:43:51: Peer 1006 received the 'have' message from 1003 for the piece 73.
01:43:51: Peer 1006 received the 'have' message from 1004 for the piece 110.
01:43:51: Peer 1006 is unchoked by 1005
01:43:51: Peer 1006 received the 'have' message from 1007 for the piece 44.
01:43:51: Peer 1006 received the 'have' message from 1008 for the piece 33.
01:43:51: Peer 1006 received the 'have' message from 1009 for the piece 125.
01:43:51: Peer 1006 is choked by 1001
01:43:51: Peer 1006 received the 'have' message from 1004 for the piece 31.
01:43:51: Peer 1006 received the 'have' message from 1005 for the piece 48.
01:43:51: Peer 1006 received the 'have' message from 1007 for the piece 123.
01:43:51: Peer 1006 received the 'have' message from 1008 for the piece 21.
01:43:51: Peer 1006 received the 'have' message from 1009 for the piece 46.
01:43:52: Peer 1006 received the 'have' message from 1003 for the piece 47.
01:43:52: Peer 1006 is unchoked by 1004
01:43:52: Peer 1006 received the 'have' message from 1005 for the piece 126.
01:43:52: Peer 1006 received the 'have' message from 1008 for the piece 77.
01:43:52: Peer 1006 received the 'have' message from 1009 for the piece 81.
01:43:53: Peer 1006 received the 'have' message from 1003 for the piece 37.
01:43:53: Peer 1006 is unchoked by 1004
01:43:53: Peer 1006 received the 'have' message from 1005 for the piece 4.
01:43:53: Peer 1006 is unchoked by 1008
01:43:54: Peer 1006 received the 'have' message from 1007 for the piece 87.
01:43:54: Peer 1006 received the 'have' message from 1009 for the piece 99.
01:43:55: Peer 1006 received the 'have' message from 1003 for the piece 61.
01:43:55: Peer 1006 received the 'have' message from 1004 for the piece 9.
01:43:55: Peer 1006 received the 'have' message from 1005 for the piece 101.
01:43:55: Peer 1006 has the preferred neighbors 1002,1004,1001.
01:43:55: Peer 1006 received the 'have' message from 1007 for the piece 12.
01:43:55: Peer 1006 received the 'have' message from 1008 for the piece 122.
01:43:55: Peer 1006 received the 'have' message from 1009 for the piece 96.
01:43:56: Peer 1006 received the 'have' message from 1003 for the piece 44.
01:43:56: Peer 1006 received the 'have' message from 1004 for the piece 75.
01:43:56: Peer 1006 received the 'have' message from 1005 for the piece 85.
01:43:56: Peer 1006 received the 'have' message from 1007 for the piece 56.
01:43:56: Peer 1006 received the 'have' message from 1008 for the piece 70.
01:43:57: Peer 1006 is choked by 1003
01:43:57: Peer 1006 received the 'have' message from 1005 for the piece 13.
01:43:57: Peer 1006 received the 'have' message from 1008 for the piece 61.
01:43:57: Peer 1006 received the 'have' message from 1009 for the piece 19.
01:43:58: Peer 1006 received the 'have' message from 1004 for the piece 8.
01:43:58: Peer 1006 received the 'have' message from 1005 for the piece 82.
01:43:58: Peer 1006 received the 'have' message from 1007 for the piece 41.
01:43:58: Peer 1006 received the 'have' message from 1009 for the piece 131.
01:43:59: Peer 1006 is unchoked by 1002
01:43:59: Peer 1006 is choked by 1005
01:43:59: Peer 1006 received the 'have' message from 1007 for the piece 15.
01:43:59: Peer 1006 received the 'have' message from 1008 for the piece 123.
01:43:59: Peer 1006 received the 'have' message from 1009 for the piece 6.
01:44:00: Peer 1006 received the 'have' message from 1003 for the piece 98.
01:44:00: Peer 1006 received the 'have' message from 1004 for the piece 127.
01:44:00: Peer 1006 has the preferred neighbors 1002,1004,1009.
01:44:00: Peer 1006 has the optimistically unchoked neighbor 1004.
01:44:00: Peer 1006 is unchoked by 1007
01:44:00: Peer 1006 received the 'have' message from 1009 for the piece 118.
01:44:01: Peer 1006 is choked by 1004
01:44:01: Peer 1006 received the 'have' message from 1005 for the piece 43.
01:44:01: Peer 1006 received the 'have' message from 1007 for the piece 75.
01:44:01: Peer 1006 received the 'have' message from 1008 for the piece 58.
01:44:01: Peer 1006 received the 'have' message from 1009 for the piece 111.
01:44:01: Peer 1006 is unchoked by 1001
01:44:01: Peer 1006 received the 'have' message from 1003 for the piece 77.
01:44:01: Peer 1006 received the 'have' message from 1004 for the piece 2.
01:44:01: Peer 1006 received the 'have' message from 1005 for the piece 52.
01:44:01: Peer 1006 is choked by 1008
01:44:01: Peer 1006 received the 'have' message from 1009 for the piece 7.
01:44:02: Peer 1006 received the 'have' message from 1005 for the piece 91.
01:44:02: Peer 1006 received the 'have' message from 1007 for the piece 36.
01:44:02: Peer 1006 is unchoked by 1008
01:44:02: Peer 1006 received the 'have' message from 1009 for the piece 110.
01:44:03: Peer 1006 is choked by 1002
01:44:03: Peer 1006 received the 'have' message from 1003 for the piece 125.
01:44:03: Peer 1006 received the 'have' message from 1004 for the piece 10.
01:44:03: Peer 1006 received the 'have' message from 1005 for the piece 68.
01:44:03: Peer 1006 received the 'have' message from 1008 for the piece 35.
01:44:03: Peer 1006 is unchoked by 1002
01:44:03: Peer 1006 received the 'have' message from 1003 for the piece 111.
01:44:03: Peer 1006 received the 'have' message from 1005 for the piece 30.
01:44:03: Peer 1006 received the 'have' message from 1007 for the piece 20.
01:44:03: Peer 1006 received the 'have' message from 1008 for the piece 106.
01:44:03: Peer 1006 received the 'have' message from 1009 for the piece 67.
01:44:05: Peer 1006 received the 'have' message from 1004 for the piece 105.
01:44:05: Peer 1006 received the 'have' message from 1005 for the piece 14.
01:44:05: Peer 1006 has the preferred neighbors 1002,1007,1001.
01:44:05: Peer 1006 is choked by 1007
01:44:05: Peer 1006 received the 'have' message from 1008 for the piece 91.
01:44:06: Peer 1006 received the 'have' message from 1003 for the piece 46.
01:44:06: Peer 1006 received the 'have' message from 1005 for the piece 55.
01:44:06: Peer 1006 received the 'have' message from 1007 for the piece 35.
01:44:06: Peer 1006 received the 'have' message from 1009 for the piece 76.
01:44:06: Peer 1006 is choked by 1001
01:44:06: Peer 1006 is unchoked by 1003
01:44:06: Peer 1006 received the 'have' message from 1004 for the piece 47.
01:44:06: Peer 1006 received the 'have' message from 1008 for the piece 69.
01:44:06: Peer 1006 received the 'have' message from 1009 for the piece 42.
01:44:07: Peer 1006 received the 'have' message from 1003 for the piece 124.
01:44:07: Peer 1006 received the 'have' message from 1005 for the piece 125.
01:44:07: Peer 1006 received the 'have' message from 1007 for the piece 10.
01:44:07: Peer 1006 received the 'have' message from 1008 for the piece 71.
01:44:07: Peer 1006 received the 'have' message from 1009 for the piece 115.
01:44:08: Peer 1006 received the 'have' message from 1003 for the piece 86.
01:44:08: Peer 1006 received the 'have' message from 1004 for the piece 123.
01:44:08: Peer 1006 received the 'have' message from 1005 for the piece 94.
01:44:08: Peer 1006 received the 'have' message from 1007 for the piece 103.
01:44:08: Peer 1006 is choked by 1008
01:44:09: Peer 1006 is choked by 1002
01:44:09: Peer 1006 is unchoked by 1005
01:44:09: Peer 1006 received the 'have' message from 1008 for the piece 119.
01:44:09: Peer 1006 received the 'have' message from 1009 for the piece 102.
01:44:09: Peer 1006 is unchoked by 1002
01:44:09: Peer 1006 received the 'have' message from 1003 for the piece 9.
01:44:09: Peer 1006 received the 'have' message from 1007 for the piece 30.
01:44:09: Peer 1006 received the 'have' message from 1009 for the piece 13.
01:44:10: Peer 1006 is unchoked by 1002
01:44:10: Peer 1006 is choked by 1003
01:44:10: Peer 1006 received the 'have' message from 1004 for the piece 65.
01:44:10: Peer 1006 received the 'have' message from 1005 for the piece 56.
01:44:10: Peer 1006 has the preferred neighbors 1003,1005,1001.
01:44:10: Peer 1006 has the optimistically unchoked neighbor 1001.
01:44:10: Peer 1006 received the 'have' message from 1007 for the piece 25.
01:44:10: Peer 1006 received the 'have' message from 1008 for the piece 118.
01:44:10: Peer 1006 received the 'have' message from 1009 for the piece 41.
01:44:11: Peer 1006 is unchoked by 1004
01:44:12: Peer 1006 received the 'have' message from 1003 for the piece 131.
01:44:12: Peer 1006 is unchoked by 1004
01:44:12: Peer 1006 is choked by 1005
01:44:12: Peer 1006 received the 'have' message from 1007 for the piece 17.
01:44:12: Peer 1006 received the 'have' message from 1008 for the piece 16.
01:44:12: Peer 1006 received the 'have' message from 1009 for the piece 104.
01:44:13: Peer 1006 received the 'have' message from 1005 for the piece 109.
01:44:13: Peer 1006 received the 'have' message from 1007 for the piece 38.
01:44:13: Peer 1006 received the 'have' message from 1008 for the piece 79.
01:44:13: Peer 1006 received the 'have' message from 1009 for the piece 59.
01:44:14: Peer 1006 received the 'have' message from 1003 for the piece 10.
01:44:14: Peer 1006 received the 'have' message from 1007 for the piece 70.
01:44:14: Peer 1006 received the 'have' message from 1008 for the piece 45.
01:44:14: Peer 1006 received the 'have' message from 1009 for the piece 73.
01:44:14: Peer 1006 is choked by 1002
01:44:14: Peer 1006 is choked by 1004
01:44:14: Peer 1006 received the 'have' message from 1005 for the piece 128.
01:44:14: Peer 1006 received the 'have' message from 1007 for the piece 62.
01:44:14: Peer 1006 received the 'have' message from 1008 for the piece 93.
01:44:15: Peer 1006 received the 'have' message from 1005 for the piece 66.
01:44:15: Peer 1006 has the preferred neighbors 1005,1001,1008.
01:44:15: Peer 1006 received the 'have' message from 1009 for the piece 26.
01:44:15: Peer 1006 is unchoked by 1001
01:44:16: Peer 1006 received the 'have' message from 1003 for the piece 16.
01:44:16: Peer 1006 received the 'have' message from 1004 for the piece 17.
01:44:16: Peer 1006 received the 'have' message from 1005 for the piece 122.
01:44:16: Peer 1006 received the 'have' message from 1007 for the piece 13.
01:44:16: Peer 1006 received the 'have' message from 1008 for the piece 76.
01:44:16: Peer 1006 is unchoked by 1001
01:44:16: Peer 1006 received the 'have' message from 1003 for the piece 91.
01:44:16: Peer 1006 received the 'have' message from 1005 for the piece 104.
01:44:16: Peer 1006 received the 'have' message from 1009 for the piece 116.
01:44:17: Peer 1006 received the 'have' message from 1004 for the piece 78.
01:44:17: Peer 1006 received the 'have' message from 1005 for the piece 54.
01:44:17: Peer 1006 received the 'have' message from 1007 for the piece 43.
01:44:17: Peer 1006 received the 'have' message from 1008 for the piece 95.
01:44:17: Peer 1006 received the 'have' message from 1009 for the piece 24.
01:44:18: Peer 1006 received the 'have' message from 1003 for the piece 122.
01:44:19: Peer 1006 received the 'have' message from 1007 for the piece 93.
01:44:19: Peer 1006 received the 'have' message from 1008 for the piece 42.
01:44:19: Peer 1006 received the 'have' message from 1009 for the piece 56.
01:44:20: Peer 1006 received the 'have' message from 1004 for the piece 76.
01:44:20: Peer 1006 received the 'have' message from 1005 for the piece 97.
01:44:20: Peer 1006 has the preferred neighbors 1003,1005,1008.
01:44:20: Peer 1006 has the optimistically unchoked neighbor 1007.
01:44:20: Peer 1006 received the 'have' message from 1007 for the piece 66.
01:44:20: Peer 1006 received the 'have' message from 1008 for the piece 47.
01:44:20: Peer 1006 received the 'have' message from 1009 for the piece 86.
01:44:21: Peer 1006 received the 'have' message from 1003 for the piece 18.
01:44:21: Peer 1006 received the 'have' message from 1004 for the piece 103.
01:44:21: Peer 1006 received the 'have' message from 1005 for the piece 35.
01:44:21: Peer 1006 received the 'have' message from 1007 for the piece 65.
01:44:21: Peer 1006 received the 'have' message from 1008 for the piece 44.
01:44:21: Peer 1006 is choked by 1001
01:44:21: Peer 1006 received the 'have' message from 1003 for the piece 15.
01:44:21: Peer 1006 is unchoked by 1004
01:44:21: Peer 1006 received the 'have' message from 1005 for the piece 102.
01:44:21: Peer 1006 received the 'have' message from 1009 for the piece 21.
01:44:21: Peer 1006 is unchoked by 1001
01:44:23: Peer 1006 received the 'have' message from 1007 for the piece 19.
01:44:23: Peer 1006 received the 'have' message from 1008 for the piece 78.
01:44:23: Peer 1006 received the 'have' message from 1009 for the piece 9.
01:44:23: Peer 1006 is unchoked by 1002
01:44:24: Peer 1006 received the 'have' message from 1004 for the piece 83.
01:44:24: Peer 1006 received the 'have' message from 1005 for the piece 76.
01:44:24: Peer 1006 received the 'have' message from 1008 for the piece 0.
01:44:24: Peer 1006 received the 'have' message from 1009 for the piece 101.
01:44:25: Peer 1006 is unchoked by 1003
01:44:25: Peer 1006 received the 'have' message from 1005 for the piece 5.
01:44:25: Peer 1006 has the preferred neighbors 1002,1007,1001.
01:44:25: Peer 1006 received the 'have' message from 1007 for the piece 40.
01:44:25: Peer 1006 received the 'have' message from 1008 for the piece 13.
01:44:25: Peer 1006 received the 'have' message from 1009 for the piece 5.
01:44:26: Peer 1006 received the 'have' message from 1004 for the piece 35.
01:44:26: Peer 1006 received the 'have' message from 1008 for the piece 103.
01:44:26: Peer 1006 is choked by 1001
01:44:27: Peer 1006 received the 'have' message from 1007 for the piece 132.
01:44:27: Peer 1006 received the 'have' message from 1009 for the piece 98.
01:44:28: Peer 1006 is choked by 1002
01:44:29: Peer 1006 received the 'have' message from 1004 for the piece 116.
01:44:29: Peer 1006 received the 'have' message from 1005 for the piece 105.
01:44:29: Peer 1006 received the 'have' message from 1007 for the piece 117.
01:44:29: Peer 1006 received the 'have' message from 1008 for the piece 129.
01:44:29: Peer 1006 received the 'have' message from 1009 for the piece 57.
01:44:29: Peer 1006 is unchoked by 1002
01:44:30: Peer 1006 is choked by 1004
01:44:30: Peer 1006 received the 'have' message from 1005 for the piece 22.
01:44:30: Peer 1006 has the preferred neighbors 1007,1005,1008.
01:44:30: Peer 1006 has the optimistically unchoked neighbor 1002.
01:44:30: Peer 1006 received the 'have' message from 1007 for the piece 67.
01:44:30: Peer 1006 received the 'have' message from 1008 for the piece 59.
01:44:30: Peer 1006 is unchoked by 1002
01:44:30: Peer 1006 is choked by 1003
01:44:30: Peer 1006 is unchoked by 1004
01:44:30: Peer 1006 received the 'have' message from 1005 for the piece 3.
01:44:30: Peer 1006 is unchoked by 1007
01:44:30: Peer 1006 is unchoked by 1008
01:44:30: Peer 1006 received the 'have' message from 1009 for the piece 14.
01:44:32: Peer 1006 is choked by 1004
01:44:32: Peer 1006 received the 'have' message from 1007 for the piece 104.
01:44:32: Peer 1006 received the 'have' message from 1008 for the piece 124.
01:44:32: Peer 1006 received the 'have' message from 1009 for the piece 53.
01:44:33: Peer 1006 received the 'have' message from 1004 for the piece 44.
01:44:33: Peer 1006 received the 'have' message from 1005 for the piece 108.
01:44:33: Peer 1006 received the 'have' message from 1007 for the piece 63.
01:44:33: Peer 1006 is unchoked by 1009
01:44:35: Peer 1006 received the 'have' message from 1005 for the piece 21.
01:44:35: Peer 1006 has the preferred neighbors 1004,1009,1001.
01:44:35: Peer 1006 received the 'have' message from 1008 for the piece 5.
01:44:35: Peer 1006 is choked by 1002
01:44:36: Peer 1006 received the 'have' message from 1004 for the piece 106.
01:44:36: Peer 1006 received the 'have' message from 1007 for the piece 37.
01:44:36: Peer 1006 received the 'have' message from 1008 for the piece 132.
01:44:36: Peer 1006 received the 'have' message from 1009 for the piece 11.
01:44:37: Peer 1006 received the 'have' message from 1004 for the piece 33.
01:44:37: Peer 1006 received the 'have' message from 1007 for the piece 128.
01:44:37: Peer 1006 received the 'have' message from 1008 for the piece 55.
01:44:37: Peer 1006 received the 'have' message from 1009 for the piece 70.
01:44:39: Peer 1006 is unchoked by 1004
01:44:39: Peer 1006 received the 'have' message from 1005 for the piece 79.
01:44:39: Peer 1006 received the 'have' message from 1007 for the piece 76.
01:44:39: Peer 1006 received the 'have' message from 1008 for the piece 20.
01:44:39: Peer 1006 received the 'have' message from 1009 for the piece 22.
01:44:40: Peer 1006 received the 'have' message from 1005 for the piece 67.
01:44:40: Peer 1006 has the preferred neighbors 1002,1007,1005.
01:44:40: Peer 1006 has the optimistically unchoked neighbor 1003.
01:44:40: Peer 1006 received the 'have' message from 1008 for the piece 117.
01:44:40: Peer 1006 received the 'have' message from 1009 for the piece 4.
01:44:42: Peer 1006 received the 'have' message from 1004 for the piece 128.
01:44:42: Peer 1006 received the 'have' message from 1007 for the piece 39.
01:44:42: Peer 1006 is choked by 1008
01:44:42: Peer 1006 is choked by 1009
01:44:43: Peer 1006 received the 'have' message from 1005 for the piece 131.
01:44:43: Peer 1006 received the 'have' message from 1007 for the piece 60.
01:44:43: Peer 1006 is unchoked by 1008
01:44:43: Peer 1006 received the 'have' message from 1009 for the piece 117.
01:44:45: Peer 1006 is choked by 1004
01:44:45: Peer 1006 received the 'have' message from 1005 for the piece 46.
01:44:45: Peer 1006 has the preferred neighbors 1002,1007,1005.
01:44:45: Peer 1006 received the 'have' message from 1008 for the piece 96.
01:44:45: Peer 1006 received the 'have' message from 1009 for the piece 64.
01:44:46: Peer 1006 is unchoked by 1004
01:44:46: Peer 1006 is unchoked by 1005
01:44:46: Peer 1006 is choked by 1007
01:44:46: Peer 1006 is unchoked by 1009
01:44:46: Peer 1006 is unchoked by 1001
01:44:47: Peer 1006 received the 'have' message from 1004 for the piece 66.
01:44:47: Peer 1006 received the 'have' message from 1008 for the piece 46.
01:44:47: Peer 1006 is unchoked by 1009
01:44:49: Peer 1006 is choked by 1004
01:44:49: Peer 1006 received the 'have' message from 1005 for the piece 38.
01:44:49: Peer 1006 received the 'have' message from 1007 for the piece 118.
01:44:49: Peer 1006 received the 'have' message from 1009 for the piece 88.
01:44:49: Peer 1006 is unchoked by 1002
01:44:50: Peer 1006 is unchoked by 1004
01:44:50: Peer 1006 has the preferred neighbors 1002,1003,1008.
01:44:50: Peer 1006 has the optimistically unchoked neighbor 1001.
01:44:50: Peer 1006 received the 'have' message from 1007 for the piece 108.
01:44:50: Peer 1006 received the 'have' message from 1008 for the piece 60.
01:44:50: Peer 1006 received the 'have' message from 1009 for the piece 12.
01:44:51: Peer 1006 is unchoked by 1003
01:44:52: Peer 1006 is choked by 1005
01:44:52: Peer 1006 received the 'have' message from 1007 for the piece 81.
01:44:52: Peer 1006 received the 'have' message from 1009 for the piece 58.
01:44:52: Peer 1006 is choked by 1001
01:44:53: Peer 1006 received the 'have' message from 1007 for the piece 21.
01:44:53: Peer 1006 received the 'have' message from 1008 for the piece 30.
01:44:54: Peer 1006 is unchoked by 1002
01:44:55: Peer 1006 received the 'have' message from 1005 for the piece 70.
01:44:55: Peer 1006 has the preferred neighbors 1002,1003,1008.
01:44:55: Peer 1006 received the 'have' message from 1007 for the piece 28.
01:44:55: Peer 1006 received the 'have' message from 1008 for the piece 32.
01:44:55: Peer 1006 received the 'have' message from 1009 for the piece 68.
01:44:56: Peer 1006 is choked by 1003
01:44:56: Peer 1006 is choked by 1004
01:44:56: Peer 1006 received the 'have' message from 1005 for the piece 10.
01:44:56: Peer 1006 received the 'have' message from 1007 for the piece 127.
01:44:56: Peer 1006 received the 'have' message from 1008 for the piece 115.
01:44:56: Peer 1006 received the 'have' message from 1009 for the piece 128.
01:44:58: Peer 1006 received the 'have' message from 1008 for the piece 54.
01:44:58: Peer 1006 received the 'have' message from 1009 for the piece 39.
01:45:00: Peer 1006 received the 'have' message from 1005 for the piece 17.
01:45:00: Peer 1006 has the preferred neighbors 1002,1009,1005.
01:45:00: Peer 1006 has the optimistically unchoked neighbor 1001.
01:45:00: Peer 1006 is unchoked by 1007
01:45:00: Peer 1006 received the 'have' message from 1009 for the piece 108.
01:45:00: Peer 1006 is choked by 1002
01:45:01: Peer 1006 is unchoked by 1005
01:45:01: Peer 1006 received the 'have' message from 1007 for the piece 61.
01:45:01: Peer 1006 is choked by 1009
01:45:03: Peer 1006 is choked by 1007
01:45:03: Peer 1006 received the 'have' message from 1008 for the piece 12.
01:45:03: Peer 1006 received the 'have' message from 1009 for the piece 25.
01:45:05: Peer 1006 is choked by 1005
01:45:05: Peer 1006 has the preferred neighbors 1002,1007,1005.
01:45:05: Peer 1006 received the 'have' message from 1008 for the piece 19.
01:45:05: Peer 1006 received the 'have' message from 1009 for the piece 71.
01:45:07: Peer 1006 received the 'have' message from 1005 for the piece 86.
01:45:07: Peer 1006 is choked by 1007
01:45:09: Peer 1006 received the 'have' message from 1007 for the piece 53.
01:45:09: Peer 1006 received the 'have' message from 1008 for the piece 14.
01:45:09: Peer 1006 received the 'have' message from 1009 for the piece 106.
01:45:10: Peer 1006 is unchoked by 1002
01:45:11: Peer 1006 has the preferred neighbors 1004,1003,1005.
01:45:11: Peer 1006 has the optimistically unchoked neighbor 1008.
01:45:11: Peer 1006 received the 'have' message from 1007 for the piece 47.
01:45:11: Peer 1006 received the 'have' message from 1008 for the piece 49.
01:45:11: Peer 1006 received the 'have' message from 1009 for the piece 80.
01:45:11: Peer 1006 is unchoked by 1002
01:45:12: Peer 1006 received the 'have' message from 1005 for the piece 93.
01:45:12: Peer 1006 received the 'have' message from 1007 for the piece 69.
01:45:12: Peer 1006 received the 'have' message from 1008 for the piece 114.
01:45:12: Peer 1006 received the 'have' message from 1009 for the piece 28.
01:45:14: Peer 1006 received the 'have' message from 1005 for the piece 115.
01:45:14: Peer 1006 received the 'have' message from 1007 for the piece 3.
01:45:14: Peer 1006 received the 'have' message from 1008 for the piece 10.
01:45:15: Peer 1006 is choked by 1002
01:45:15: Peer 1006 is unchoked by 1004
01:45:15: Peer 1006 received the 'have' message from 1005 for the piece 74.
01:45:15: Peer 1006 has the preferred neighbors 1004,1009,1007.
01:45:15: Peer 1006 is unchoked by 1007
01:45:15: Peer 1006 received the 'have' message from 1008 for the piece 40.
01:45:15: Peer 1006 received the 'have' message from 1009 for the piece 121.
01:45:17: Peer 1006 is unchoked by 1005
01:45:17: Peer 1006 received the 'have' message from 1009 for the piece 0.
01:45:19: Peer 1006 is choked by 1004
01:45:19: Peer 1006 received the 'have' message from 1007 for the piece 27.
01:45:19: Peer 1006 received the 'have' message from 1008 for the piece 112.
01:45:19: Peer 1006 received the 'have' message from 1009 for the piece 82.
01:45:19: Peer 1006 is unchoked by 1002
01:45:20: Peer 1006 is choked by 1005
01:45:20: Peer 1006 has the preferred neighbors 1004,1009,1005.
01:45:20: Peer 1006 has the optimistically unchoked neighbor 1001.
01:45:20: Peer 1006 received the 'have' message from 1007 for the piece 107.
01:45:20: Peer 1006 is unchoked by 1008
01:45:21: Peer 1006 is unchoked by 1001
01:45:22: Peer 1006 received the 'have' message from 1007 for the piece 2.
01:45:22: Peer 1006 received the 'have' message from 1008 for the piece 66.
01:45:22: Peer 1006 received the 'have' message from 1009 for the piece 74.
01:45:23: Peer 1006 is choked by 1002
01:45:24: Peer 1006 received the 'have' message from 1005 for the piece 47.
01:45:24: Peer 1006 is unchoked by 1007
01:45:24: Peer 1006 received the 'have' message from 1008 for the piece 88.
01:45:24: Peer 1006 received the 'have' message from 1009 for the piece 62.
01:45:25: Peer 1006 is unchoked by 1003
01:45:26: Peer 1006 is unchoked by 1005
01:45:26: Peer 1006 has the preferred neighbors 1002,1007,1008.
01:45:26: Peer 1006 received the 'have' message from 1008 for the piece 83.
01:45:26: Peer 1006 received the 'have' message from 1009 for the piece 29.
01:45:28: Peer 1006 is choked by 1005
01:45:28: Peer 1006 is choked by 1008
01:45:28: Peer 1006 received the 'have' message from 1009 for the piece 27.
01:45:28: Peer 1006 is choked by 1001
01:45:29: Peer 1006 is unchoked by 1004
01:45:29: Peer 1006 is unchoked by 1005
01:45:29: Peer 1006 received the 'have' message from 1007 for the piece 72.
01:45:29: Peer 1006 is unchoked by 1008
01:45:29: Peer 1006 received the 'have' message from 1009 for the piece 15.
01:45:29: Peer 1006 is unchoked by 1001
01:45:30: Peer 1006 is choked by 1003
01:45:30: Peer 1006 is choked by 1005
01:45:30: Peer 1006 has the preferred neighbors 1004,1009,1007.
01:45:30: Peer 1006 has the optimistically unchoked neighbor 1001.
01:45:30: Peer 1006 is choked by 1007
01:45:30: Peer 1006 received the 'have' message from 1008 for the piece 48.
01:45:30: Peer 1006 received the 'have' message from 1009 for the piece 97.
01:45:31: Peer 1006 is unchoked by 1003
01:45:32: Peer 1006 is unchoked by 1005
01:45:32: Peer 1006 is unchoked by 1007
01:45:32: Peer 1006 received the 'have' message from 1008 for the piece 25.
01:45:32: Peer 1006 received the 'have' message from 1009 for the piece 103.
01:45:32: Peer 1006 is choked by 1001
01:45:33: Peer 1006 is choked by 1005
01:45:33: Peer 1006 received the 'have' message from 1007 for the piece 82.
01:45:33: Peer 1006 is choked by 1008
01:45:33: Peer 1006 received the 'have' message from 1009 for the piece 123.
01:45:33: Peer 1006 is unchoked by 1001
01:45:33: Peer 1006 is unchoked by 1002
01:45:35: Peer 1006 has the preferred neighbors 1002,1009,1001.
01:45:35: Peer 1006 received the 'have' message from 1007 for the piece 58.
01:45:35: Peer 1006 received the 'have' message from 1008 for the piece 50.
01:45:35: Peer 1006 received the 'have' message from 1009 for the piece 78.
01:45:36: Peer 1006 is choked by 1003
01:45:36: Peer 1006 is choked by 1004
01:45:36: Peer 1006 is unchoked by 1007
01:45:36: Peer 1006 received the 'have' message from 1008 for the piece 127.
01:45:37: Peer 1006 is unchoked by 1003
01:45:37: Peer 1006 is unchoked by 1004
01:45:38: Peer 1006 received the 'have' message from 1007 for the piece 16.
01:45:38: Peer 1006 received the 'have' message from 1008 for the piece 52.
01:45:38: Peer 1006 received the 'have' message from 1009 for the piece 65.
01:45:38: Peer 1006 is choked by 1001
01:45:39: Peer 1006 is choked by 1004
01:45:39: Peer 1006 received the 'have' message from 1007 for the piece 33.
01:45:39: Peer 1006 received the 'have' message from 1009 for the piece 23.
01:45:40: Peer 1006 is choked by 1002
01:45:40: Peer 1006 is choked by 1003
01:45:41: Peer 1006 has the preferred neighbors 1009,1007,1005.
01:45:41: Peer 1006 has the optimistically unchoked neighbor 1007.
01:45:41: Peer 1006 received the 'have' message from 1008 for the piece 86.
01:45:41: Peer 1006 is unchoked by 1002
01:45:41: Peer 1006 is unchoked by 1003
01:45:42: Peer 1006 is choked by 1007
01:45:42: Peer 1006 is unchoked by 1008
01:45:42: Peer 1006 received the 'have' message from 1009 for the piece 129.
01:45:43: Peer 1006 is unchoked by 1003
01:45:44: Peer 1006 received the 'have' message from 1009 for the piece 93.
01:45:45: Peer 1006 is choked by 1002
01:45:45: Peer 1006 is choked by 1003
01:45:46: Peer 1006 is unchoked by 1005
01:45:46: Peer 1006 has the preferred neighbors 1009,1005,1001.
01:45:46: Peer 1006 received the 'have' message from 1007 for the piece 8.
01:45:46: Peer 1006 received the 'have' message from 1008 for the piece 84.
01:45:46: Peer 1006 received the 'have' message from 1009 for the piece 44.
01:45:46: Peer 1006 is unchoked by 1002
01:45:48: Peer 1006 received the 'have' message from 1007 for the piece 122.
01:45:48: Peer 1006 received the 'have' message from 1008 for the piece 87.
01:45:50: Peer 1006 has the preferred neighbors 1002,1009,1008.
01:45:50: Peer 1006 has the optimistically unchoked neighbor 1005.
01:45:50: Peer 1006 received the 'have' message from 1007 for the piece 29.
01:45:50: Peer 1006 is choked by 1008
01:45:50: Peer 1006 received the 'have' message from 1009 for the piece 50.
01:45:51: Peer 1006 is choked by 1002
01:45:52: Peer 1006 is choked by 1005
01:45:52: Peer 1006 received the 'have' message from 1007 for the piece 115.
01:45:52: Peer 1006 is unchoked by 1008
01:45:52: Peer 1006 received the 'have' message from 1009 for the piece 79.
01:45:52: Peer 1006 is unchoked by 1001
01:45:52: Peer 1006 is unchoked by 1002
01:45:53: Peer 1006 is unchoked by 1005
01:45:53: Peer 1006 received the 'have' message from 1007 for the piece 0.
01:45:53: Peer 1006 is unchoked by 1008
01:45:53: Peer 1006 received the 'have' message from 1009 for the piece 91.
01:45:54: Peer 1006 is unchoked by 1004
01:45:54: Peer 1006 is unchoked by 1005
01:45:54: Peer 1006 is unchoked by 1007
01:45:54: Peer 1006 received the 'have' message from 1008 for the piece 126.
01:45:55: Peer 1006 is choked by 1002
01:45:55: Peer 1006 is unchoked by 1003
01:45:56: Peer 1006 has the preferred neighbors 1004,1003,1008.
01:45:56: Peer 1006 received the 'have' message from 1009 for the piece 1.
01:45:58: Peer 1006 is choked by 1005
01:45:58: Peer 1006 received the 'have' message from 1007 for the piece 48.
01:45:58: Peer 1006 is choked by 1008
01:45:58: Peer 1006 is choked by 1001
01:45:58: Peer 1006 is unchoked by 1002
01:45:59: Peer 1006 is unchoked by 1005
01:45:59: Peer 1006 is choked by 1007
01:45:59: Peer 1006 received the 'have' message from 1008 for the piece 94.
01:46:00: Peer 1006 is choked by 1003
01:46:00: Peer 1006 is choked by 1004
01:46:01: Peer 1006 has the preferred neighbors 1004,1009,1005.
01:46:01: Peer 1006 has the optimistically unchoked neighbor 1005.
01:46:01: Peer 1006 is unchoked by 1007
01:46:01: Peer 1006 is unchoked by 1008
01:46:01: Peer 1006 received the 'have' message from 1009 for the piece 20.
01:46:02: Peer 1006 is unchoked by 1004
01:46:02: Peer 1006 is choked by 1005
01:46:02: Peer 1006 received the 'have' message from 1007 for the piece 131.
01:46:02: Peer 1006 received the 'have' message from 1008 for the piece 80.
01:46:02: Peer 1006 received the 'have' message from 1009 for the piece 61.
01:46:04: Peer 1006 is unchoked by 1005
01:46:04: Peer 1006 is choked by 1007
01:46:04: Peer 1006 received the 'have' message from 1008 for the piece 131.
01:46:05: Peer 1006 is choked by 1002
01:46:05: Peer 1006 is choked by 1004
01:46:06: Peer 1006 has the preferred neighbors 1002,1003,1008.
01:46:06: Peer 1006 is unchoked by 1007
01:46:06: Peer 1006 received the 'have' message from 1008 for the piece 28.
01:46:06: Peer 1006 is unchoked by 1001
01:46:07: Peer 1006 is unchoked by 1004
01:46:08: Peer 1006 is choked by 1008
01:46:08: Peer 1006 received the 'have' message from 1009 for the piece 66.
01:46:10: Peer 1006 has the preferred neighbors 1002,1003,1001.
01:46:10: Peer 1006 has the optimistically unchoked neighbor 1001.
01:46:10: Peer 1006 is choked by 1007
01:46:10: Peer 1006 is unchoked by 1008
01:46:12: Peer 1006 is choked by 1004
01:46:12: Peer 1006 is unchoked by 1007
01:46:12: Peer 1006 received the 'have' message from 1008 for the piece 104.
01:46:12: Peer 1006 is unchoked by 1009
01:46:12: Peer 1006 is choked by 1001
01:46:14: Peer 1006 received the 'have' message from 1008 for the piece 128.
01:46:14: Peer 1006 is unchoked by 1001
01:46:14: Peer 1006 is unchoked by 1002
01:46:16: Peer 1006 has the preferred neighbors 1002,1009,1005.
01:46:16: Peer 1006 is choked by 1007
01:46:16: Peer 1006 is choked by 1009
01:46:18: Peer 1006 is unchoked by 1005
01:46:18: Peer 1006 received the 'have' message from 1007 for the piece 106.
01:46:18: Peer 1006 received the 'have' message from 1008 for the piece 92.
01:46:18: Peer 1006 is unchoked by 1009
01:46:18: Peer 1006 is choked by 1001
01:46:20: Peer 1006 has the preferred neighbors 1002,1007,1008.
01:46:20: Peer 1006 has the optimistically unchoked neighbor 1008.
01:46:20: Peer 1006 is unchoked by 1007
01:46:20: Peer 1006 is choked by 1008
01:46:20: Peer 1006 is choked by 1002
01:46:21: Peer 1006 is unchoked by 1004
01:46:21: Peer 1006 is choked by 1005
01:46:21: Peer 1006 is unchoked by 1008
01:46:21: Peer 1006 is choked by 1009
01:46:21: Peer 1006 is unchoked by 1001
01:46:22: Peer 1006 is unchoked by 1005
01:46:22: Peer 1006 is choked by 1008
01:46:25: Peer 1006 has the preferred neighbors 1002,1003,1009.
01:46:25: Peer 1006 is choked by 1007
01:46:25: Peer 1006 is unchoked by 1009
01:46:26: Peer 1006 is unchoked by 1004
01:46:26: Peer 1006 is choked by 1005
01:46:26: Peer 1006 is unchoked by 1007
01:46:26: Peer 1006 is unchoked by 1008
01:46:26: Peer 1006 is choked by 1001
01:46:28: Peer 1006 is choked by 1007
01:46:28: Peer 1006 is choked by 1008
01:46:28: Peer 1006 received the 'have' message from 1009 for the piece 37.
01:46:28: Peer 1006 is unchoked by 1001
01:46:30: Peer 1006 has the preferred neighbors 1002,1005,1008.
01:46:30: Peer 1006 has the optimistically unchoked neighbor 1003.
01:46:30: Peer 1006 is unchoked by 1007
01:46:30: Peer 1006 received the 'have' message from 1008 for the piece 108.
01:46:31: Peer 1006 is unchoked by 1003
01:46:31: Peer 1006 is choked by 1004
01:46:32: Peer 1006 is unchoked by 1005
01:46:32: Peer 1006 received the 'have' message from 1007 for the piece 100.
01:46:32: Peer 1006 received the 'have' message from 1008 for the piece 11.
01:46:32: Peer 1006 received the 'have' message from 1009 for the piece 51.
01:46:32: Peer 1006 is unchoked by 1001
01:46:33: Peer 1006 is unchoked by 1004
01:46:33: Peer 1006 is choked by 1007
01:46:33: Peer 1006 received the 'have' message from 1008 for the piece 27.
01:46:33: Peer 1006 is choked by 1009
01:46:35: Peer 1006 is choked by 1004
01:46:35: Peer 1006 has the preferred neighbors 1004,1003,1005.
01:46:35: Peer 1006 is unchoked by 1007
01:46:35: Peer 1006 received the 'have' message from 1008 for the piece 63.
01:46:35: Peer 1006 is unchoked by 1009
01:46:37: Peer 1006 is unchoked by 1004
01:46:37: Peer 1006 is choked by 1005
01:46:37: Peer 1006 is choked by 1007
01:46:37: Peer 1006 received the 'have' message from 1009 for the piece 85.
01:46:37: Peer 1006 is choked by 1001
01:46:38: Peer 1006 is unchoked by 1005
01:46:38: Peer 1006 is unchoked by 1007
01:46:38: Peer 1006 received the 'have' message from 1008 for the piece 22.
01:46:38: Peer 1006 is choked by 1009
01:46:38: Peer 1006 is unchoked by 1001
01:46:39: Peer 1006 is choked by 1004
01:46:40: Peer 1006 has the preferred neighbors 1003,1009,1005.
01:46:40: Peer 1006 has the optimistically unchoked neighbor 1002.
01:46:40: Peer 1006 is choked by 1007
01:46:40: Peer 1006 is unchoked by 1008
01:46:40: Peer 1006 is unchoked by 1009
01:46:41: Peer 1006 is unchoked by 1003
01:46:41: Peer 1006 is unchoked by 1004
01:46:41: Peer 1006 is choked by 1005
01:46:41: Peer 1006 is unchoked by 1007
01:46:41: Peer 1006 is unchoked by 1008
01:46:41: Peer 1006 is unchoked by 1009
01:46:41: Peer 1006 is choked by 1001
01:46:43: Peer 1006 is choked by 1007
01:46:43: Peer 1006 received the 'have' message from 1008 for the piece 109.
01:46:43: Peer 1006 is unchoked by 1009
01:46:43: Peer 1006 is unchoked by 1001
01:46:45: Peer 1006 is unchoked by 1005
01:46:45: Peer 1006 has the preferred neighbors 1002,1009,1008.
